/tools/synopsys_18/syn/O-2018.06-SP4/auxx/gui/dv/dv_setup.tcl
/tools/synopsys_18/syn/O-2018.06-SP4/auxx/gui/syn/snpsSynProcs.tcl
/tools/synopsys_18/syn/O-2018.06-SP4/auxx/gui/syn/layout/pkgIndex.tcl
/tools/synopsys_18/syn/O-2018.06-SP4/auxx/gui/common/hierarchy/pkgIndex.tcl
/tools/synopsys_18/syn/O-2018.06-SP4/auxx/gui/common/docBrowser/pkgIndex.tcl
/tools/synopsys_18/syn/O-2018.06-SP4/auxx/gui/common/setup/pkgIndex.tcl
/tools/synopsys_18/syn/O-2018.06-SP4/auxx/gui/common/select/pkgIndex.tcl
/tools/synopsys_18/syn/O-2018.06-SP4/auxx/gui/common/strokes/pkgIndex.tcl
/tools/synopsys_18/syn/O-2018.06-SP4/auxx/gui/common/mrupalette/pkgIndex.tcl
/tools/synopsys_18/syn/O-2018.06-SP4/auxx/gui/common/WindowFrameWork/pkgIndex.tcl
/tools/synopsys_18/syn/O-2018.06-SP4/auxx/gui/common/schematic/pkgIndex.tcl
/tools/synopsys_18/syn/O-2018.06-SP4/auxx/gui/common/misc/pkgIndex.tcl
/tools/synopsys_18/syn/O-2018.06-SP4/auxx/gui/common/pathinspector/pkgIndex.tcl
/tools/synopsys_18/syn/O-2018.06-SP4/auxx/gui/common/timing/pkgIndex.tcl
/tools/synopsys_18/syn/O-2018.06-SP4/auxx/gui/common/fanoutviewer/pkgIndex.tcl
/tools/synopsys_18/syn/O-2018.06-SP4/auxx/gui/common/view/pkgIndex.tcl
/tools/synopsys_18/syn/O-2018.06-SP4/auxx/gui/common/libviewer/pkgIndex.tcl
/tools/synopsys_18/syn/O-2018.06-SP4/auxx/gui/common/profiler/pkgIndex.tcl
/tools/synopsys_18/syn/O-2018.06-SP4/auxx/gui/common/dialogs/pkgIndex.tcl
/tools/synopsys_18/syn/O-2018.06-SP4/auxx/gui/common/layout/pkgIndex.tcl
/tools/synopsys_18/syn/O-2018.06-SP4/auxx/gui/common/regressionToolkit/pkgIndex.tcl
/tools/synopsys_18/syn/O-2018.06-SP4/auxx/gui/common/tcl-dp/pkgIndex.tcl
/tools/synopsys_18/syn/O-2018.06-SP4/auxx/gui/common/qtcl/pkgIndex.tcl
/tools/synopsys_18/syn/O-2018.06-SP4/auxx/gui/common/acg/pkgIndex.tcl
/tools/synopsys_18/syn/O-2018.06-SP4/auxx/gui/common/commandform/pkgIndex.tcl
/tools/synopsys_18/syn/O-2018.06-SP4/auxx/gui/common/tiledview/pkgIndex.tcl
/tools/synopsys_18/syn/O-2018.06-SP4/auxx/gui/common/palettegroup/pkgIndex.tcl
/tools/synopsys_18/syn/O-2018.06-SP4/auxx/gui/common/table/pkgIndex.tcl
/tools/synopsys_18/syn/O-2018.06-SP4/auxx/gui/common/tq/pkgIndex.tcl
/tools/synopsys_18/syn/O-2018.06-SP4/auxx/gui/common/highlight/pkgIndex.tcl
/tools/synopsys_18/syn/O-2018.06-SP4/auxx/gui/common/opdlg/pkgIndex.tcl
/tools/synopsys_18/syn/O-2018.06-SP4/auxx/gui/common/menus/pkgIndex.tcl
/tools/synopsys_18/syn/O-2018.06-SP4/auxx/gui/common/histogram/pkgIndex.tcl
/tools/synopsys_18/syn/O-2018.06-SP4/auxx/gui/dv/pkgIndex.tcl
/tools/synopsys_18/syn/O-2018.06-SP4/auxx/syn/lib/pkgIndex.tcl
/tools/synopsys_18/syn/O-2018.06-SP4/auxx/tcllib/lib/iwidgets4.1/pkgIndex.tcl
/tools/synopsys_18/syn/O-2018.06-SP4/auxx/tcllib/snps_tcl/snpsUtils/pkgIndex.tcl
/tools/synopsys_18/syn/O-2018.06-SP4/auxx/tcllib/snps_tcl/snpsTclPro/pkgIndex.tcl
/tools/synopsys_18/syn/O-2018.06-SP4/auxx/tcllib/snps_tcl/snpsTest/pkgIndex.tcl
/tools/synopsys_18/syn/O-2018.06-SP4/auxx/tcllib/snps_tcl/pkgIndex.tcl
/tools/synopsys_18/syn/O-2018.06-SP4/auxx/tcllib/lib/tcl8.6/msgcat/pkgIndex.tcl
/tools/synopsys_18/syn/O-2018.06-SP4/auxx/tcllib/lib/tcl8.6/tcltest/pkgIndex.tcl
/tools/synopsys_18/syn/O-2018.06-SP4/auxx/tcllib/lib/tcl8.6/dde/pkgIndex.tcl
/tools/synopsys_18/syn/O-2018.06-SP4/auxx/tcllib/lib/tcl8.6/platform/pkgIndex.tcl
/tools/synopsys_18/syn/O-2018.06-SP4/auxx/tcllib/lib/tcl8.6/http1.0/pkgIndex.tcl
/tools/synopsys_18/syn/O-2018.06-SP4/auxx/tcllib/lib/tcl8.6/reg/pkgIndex.tcl
/tools/synopsys_18/syn/O-2018.06-SP4/auxx/tcllib/lib/tcl8.6/opt/pkgIndex.tcl
/tools/synopsys_18/syn/O-2018.06-SP4/auxx/tcllib/lib/tcl8.6/http/pkgIndex.tcl
/tools/synopsys_18/syn/O-2018.06-SP4/auxx/gui/common/setup/snpsCommonSetup.tcl
/tools/synopsys_18/syn/O-2018.06-SP4/auxx/gui/common/setup/snpsCustomize.tcl
/tools/synopsys_18/syn/O-2018.06-SP4/auxx/gui/common/setup/snpsProcheck.tcl
/tools/synopsys_18/syn/O-2018.06-SP4/auxx/gui/common/qtcl/.synopsys_qtcl.tcl
/tools/synopsys_18/syn/O-2018.06-SP4/auxx/gui/common/highlight/highlight.tcl
/tools/synopsys_18/syn/O-2018.06-SP4/auxx/gui/common/misc/base.tcl
/tools/synopsys_18/syn/O-2018.06-SP4/auxx/gui/common/misc/timing.tcl
/tools/synopsys_18/syn/O-2018.06-SP4/auxx/gui/common/misc/setting.tcl
/tools/synopsys_18/syn/O-2018.06-SP4/auxx/gui/common/misc/preset.tcl
/tools/synopsys_18/syn/O-2018.06-SP4/auxx/gui/common/WindowFrameWork/windowFrameWork.tcl
/tools/synopsys_18/syn/O-2018.06-SP4/auxx/gui/common/WindowFrameWork/skipBusyCursorCmdList.tcl
/tools/synopsys_18/syn/O-2018.06-SP4/auxx/gui/common/docBrowser/docBrowser.tcl
/tools/synopsys_18/syn/O-2018.06-SP4/auxx/tcllib/snps_tcl/snpsUtils/snpsUtils.tcl
/tools/synopsys_18/syn/O-2018.06-SP4/auxx/gui/common/dialogs/ObjectChooser.tcl
/tools/synopsys_18/syn/O-2018.06-SP4/auxx/gui/common/misc/DialogObjectChooser.tcl
/tools/synopsys_18/syn/O-2018.06-SP4/auxx/gui/common/dialogs/HistBinInformation.tcl
/tools/synopsys_18/syn/O-2018.06-SP4/auxx/gui/common/dialogs/HistBin1Information.tcl
/tools/synopsys_18/syn/O-2018.06-SP4/auxx/gui/common/dialogs/BinsOnlyInformation.tcl
/tools/synopsys_18/syn/O-2018.06-SP4/auxx/gui/common/dialogs/FileChooser.tcl
/tools/synopsys_18/syn/O-2018.06-SP4/auxx/gui/common/dialogs/PathPinSimpleInfo.tcl
/tools/synopsys_18/syn/O-2018.06-SP4/auxx/gui/common/dialogs/PathsBasicInfo.tcl
/tools/synopsys_18/syn/O-2018.06-SP4/auxx/gui/common/dialogs/PathsBasicSimpleInfo.tcl
/tools/synopsys_18/syn/O-2018.06-SP4/auxx/gui/common/dialogs/SlctOperationInfo.tcl
/tools/synopsys_18/syn/O-2018.06-SP4/auxx/gui/common/dialogs/ObjectListInfo.tcl
/tools/synopsys_18/syn/O-2018.06-SP4/auxx/gui/common/dialogs/FanInOutInfo.tcl
/tools/synopsys_18/syn/O-2018.06-SP4/auxx/gui/common/dialogs/NumberOfLevelsChooser.tcl
/tools/synopsys_18/syn/O-2018.06-SP4/auxx/gui/common/dialogs/WindowReuseInfo.tcl
/tools/synopsys_18/syn/O-2018.06-SP4/auxx/gui/common/dialogs/ReportOutputOptionInfo.tcl
/tools/synopsys_18/syn/O-2018.06-SP4/auxx/gui/common/setup/snpsCollections.tcl
/tools/synopsys_18/syn/O-2018.06-SP4/auxx/gui/common/dialogs/CompileLinkDesign.tcl
/tools/synopsys_18/syn/O-2018.06-SP4/auxx/gui/common/histogram/DialogEndpointSlack.tcl
/tools/synopsys_18/syn/O-2018.06-SP4/auxx/gui/common/histogram/DialogPathsSlack.tcl
/tools/synopsys_18/syn/O-2018.06-SP4/auxx/gui/common/histogram/DialogNetCapacitance.tcl
/tools/synopsys_18/syn/O-2018.06-SP4/auxx/gui/common/schematic/DialogPathSchematicFanInOut.tcl
/tools/synopsys_18/syn/O-2018.06-SP4/auxx/gui/common/schematic/DialogPathSchematicAddPaths.tcl
/space/s281389/TCLExercises/LL-contest/WORK_SYNTHESIS/tcl_scripts/synthesis.tcl
/space/s281389/TCLExercises/LL-contest/WORK_SYNTHESIS/tech/STcmos65/synopsys_dc.setup
/space/s281389/TCLExercises/LL-contest/WORK_SYNTHESIS/tcl_scripts/power_features.tcl
/space/s281389/TCLExercises/LL-contest/WORK_SYNTHESIS/rtl/c1908/verilog/c1908.v
/space/s281389/TCLExercises/LL-contest/WORK_SYNTHESIS/tech/STcmos65/CORE65LPSVT_bc_1.30V_m40C.db
/space/s281389/TCLExercises/LL-contest/WORK_SYNTHESIS/tech/STcmos65/CORE65LPSVT_wc_1.10V_125C.db
/space/s281389/TCLExercises/LL-contest/WORK_SYNTHESIS/tech/STcmos65/CORE65LPSVT_nom_1.20V_25C.db
/space/s281389/TCLExercises/LL-contest/WORK_SYNTHESIS/tech/STcmos65/CORE65LPLVT_nom_1.20V_25C.db
/space/s281389/TCLExercises/LL-contest/WORK_SYNTHESIS/tech/STcmos65/CORE65LPHVT_nom_1.20V_25C.db
/tools/synopsys_18/syn/O-2018.06-SP4/libraries/syn/gtech.db
/tools/synopsys_18/syn/O-2018.06-SP4/libraries/syn/standard.sldb
/space/s281389/TCLExercises/LL-contest/WORK_SYNTHESIS/rtl/c1908/sdc/c1908.sdc
/tools/synopsys_18/syn/O-2018.06-SP4/libraries/syn/dw_foundation.sldb
/space/s281389/TCLExercises/LL-contest/WORK_SYNTHESIS/tech/STcmos65/CORE65LPLVT_nom_1.20V_25C.db
/space/s281389/TCLExercises/LL-contest/WORK_SYNTHESIS/alib-52/CORE65LPLVT_nom_1.20V_25C.db.alib
/space/s281389/TCLExercises/LL-contest/WORK_SYNTHESIS/tech/STcmos65/CORE65LPLVT_nom_1.20V_25C.db
/space/s281389/TCLExercises/LL-contest/WORK_SYNTHESIS/alib-52/CORE65LPLVT_nom_1.20V_25C.db.alib
/space/s281389/synopsys_cache_O-2018.06-SP4/DW01/DW01_NAND2/str/CORE65LPLVT_nom_1.20V_25C_6307/element.ddc
/space/s281389/TCLExercises/LL-contest/WORK_SYNTHESIS/tech/STcmos65/CORE65LPSVT_bc_1.30V_m40C.db
/space/s281389/TCLExercises/LL-contest/WORK_SYNTHESIS/tech/STcmos65/CORE65LPSVT_wc_1.10V_125C.db
/space/s281389/TCLExercises/LL-contest/WORK_SYNTHESIS/tech/STcmos65/CORE65LPSVT_nom_1.20V_25C.db
/space/s281389/TCLExercises/LL-contest/WORK_SYNTHESIS/tech/STcmos65/CORE65LPLVT_nom_1.20V_25C.db
/space/s281389/TCLExercises/LL-contest/WORK_SYNTHESIS/tech/STcmos65/CORE65LPHVT_nom_1.20V_25C.db
/space/s281389/TCLExercises/LL-contest/WORK_SYNTHESIS/tech/STcmos65/CORE65LPLVT_nom_1.20V_25C.db
/space/s281389/TCLExercises/LL-contest/WORK_SYNTHESIS/alib-52/CORE65LPLVT_nom_1.20V_25C.db.alib
/space/s281389/TCLExercises/LL-contest/WORK_SYNTHESIS/tech/STcmos65/CORE65LPLVT_nom_1.20V_25C.db
/space/s281389/TCLExercises/LL-contest/WORK_SYNTHESIS/alib-52/CORE65LPLVT_nom_1.20V_25C.db.alib
/space/s281389/TCLExercises/LL-contest/WORK_SYNTHESIS/tech/STcmos65/CORE65LPSVT_bc_1.30V_m40C.db
/space/s281389/TCLExercises/LL-contest/WORK_SYNTHESIS/tech/STcmos65/CORE65LPSVT_wc_1.10V_125C.db
/space/s281389/TCLExercises/LL-contest/WORK_SYNTHESIS/tech/STcmos65/CORE65LPSVT_nom_1.20V_25C.db
/space/s281389/TCLExercises/LL-contest/WORK_SYNTHESIS/tech/STcmos65/CORE65LPLVT_nom_1.20V_25C.db
/space/s281389/TCLExercises/LL-contest/WORK_SYNTHESIS/tech/STcmos65/CORE65LPHVT_nom_1.20V_25C.db
/space/s281389/TCLExercises/LL-contest/WORK_SYNTHESIS/tech/STcmos65/CORE65LPLVT_nom_1.20V_25C.db
/space/s281389/TCLExercises/LL-contest/WORK_SYNTHESIS/alib-52/CORE65LPLVT_nom_1.20V_25C.db.alib
/space/s281389/TCLExercises/LL-contest/WORK_SYNTHESIS/tech/STcmos65/CORE65LPLVT_nom_1.20V_25C.db
/space/s281389/TCLExercises/LL-contest/WORK_SYNTHESIS/tech/STcmos65/CORE65LPSVT_bc_1.30V_m40C.db
/space/s281389/TCLExercises/LL-contest/WORK_SYNTHESIS/tech/STcmos65/CORE65LPSVT_wc_1.10V_125C.db
/space/s281389/TCLExercises/LL-contest/WORK_SYNTHESIS/tech/STcmos65/CORE65LPSVT_nom_1.20V_25C.db
/space/s281389/TCLExercises/LL-contest/WORK_SYNTHESIS/tech/STcmos65/CORE65LPLVT_nom_1.20V_25C.db
/space/s281389/TCLExercises/LL-contest/WORK_SYNTHESIS/tech/STcmos65/CORE65LPHVT_nom_1.20V_25C.db
